\BOOKMARK [1][-]{section.1}{Introduction}{}% 1
\BOOKMARK [1][-]{section.2}{Tools}{}% 2
\BOOKMARK [1][-]{section.3}{Preparing Data}{}% 3
\BOOKMARK [1][-]{section.4}{Models}{}% 4
\BOOKMARK [2][-]{subsection.4.1}{RNN}{section.4}% 5
\BOOKMARK [3][-]{subsubsection.4.1.1}{RNN Description}{subsection.4.1}% 6
\BOOKMARK [3][-]{subsubsection.4.1.2}{Tuning Parameters}{subsection.4.1}% 7
\BOOKMARK [2][-]{subsection.4.2}{Random Forest}{section.4}% 8
\BOOKMARK [3][-]{subsubsection.4.2.1}{Random Forest Description}{subsection.4.2}% 9
\BOOKMARK [3][-]{subsubsection.4.2.2}{Tuning Parameters}{subsection.4.2}% 10
\BOOKMARK [1][-]{section.5}{Results}{}% 11
\BOOKMARK [2][-]{subsection.5.1}{RNN}{section.5}% 12
\BOOKMARK [3][-]{subsubsection.5.1.1}{Hidden dimmension}{subsection.5.1}% 13
\BOOKMARK [3][-]{subsubsection.5.1.2}{GloVe embedding size}{subsection.5.1}% 14
\BOOKMARK [3][-]{subsubsection.5.1.3}{Number Layers}{subsection.5.1}% 15
\BOOKMARK [3][-]{subsubsection.5.1.4}{RNN Final Model}{subsection.5.1}% 16
\BOOKMARK [2][-]{subsection.5.2}{Random Forest}{section.5}% 17
\BOOKMARK [3][-]{subsubsection.5.2.1}{Summation Methodology}{subsection.5.2}% 18
\BOOKMARK [3][-]{subsubsection.5.2.2}{Mean Methodology}{subsection.5.2}% 19
\BOOKMARK [3][-]{subsubsection.5.2.3}{Mean vs Summation Methodology}{subsection.5.2}% 20
\BOOKMARK [3][-]{subsubsection.5.2.4}{Random Forest Final Model}{subsection.5.2}% 21
\BOOKMARK [2][-]{subsection.5.3}{Final Model}{section.5}% 22
\BOOKMARK [1][-]{section.6}{Using the Model \040Explanation of Code}{}% 23
\BOOKMARK [2][-]{subsection.6.1}{Loading the Data}{section.6}% 24
\BOOKMARK [3][-]{subsubsection.6.1.1}{Loading from File}{subsection.6.1}% 25
\BOOKMARK [3][-]{subsubsection.6.1.2}{Loading single sentence}{subsection.6.1}% 26
\BOOKMARK [3][-]{subsubsection.6.1.3}{Loading array of sentences}{subsection.6.1}% 27
\BOOKMARK [2][-]{subsection.6.2}{Loading Model from File}{section.6}% 28
\BOOKMARK [3][-]{subsubsection.6.2.1}{RNN Model}{subsection.6.2}% 29
\BOOKMARK [3][-]{subsubsection.6.2.2}{Random Forest Model}{subsection.6.2}% 30
\BOOKMARK [2][-]{subsection.6.3}{Saving Models}{section.6}% 31
\BOOKMARK [2][-]{subsection.6.4}{Training}{section.6}% 32
\BOOKMARK [2][-]{subsection.6.5}{Predicting}{section.6}% 33
\BOOKMARK [2][-]{subsection.6.6}{Generating Statistics}{section.6}% 34
\BOOKMARK [1][-]{section.7}{Notes}{}% 35
