This is pdfTeX, Version 3.14159265-2.6-1.40.18 (TeX Live 2017) (preloaded format=pdflatex 2017.5.23)  24 APR 2018 09:14
entering extended mode
 restricted \write18 enabled.
 file:line:error style messages enabled.
 %&-line parsing enabled.
**/Users/adriencogny/GIT/datalogue_challenge/report/report.tex
(/Users/adriencogny/GIT/datalogue_challenge/report/report.tex
LaTeX2e <2017-04-15>
Babel <3.10> and hyphenation patterns for 84 language(s) loaded.
(/usr/local/texlive/2017/texmf-dist/tex/latex/base/article.cls
Document Class: article 2014/09/29 v1.4h Standard LaTeX document class
(/usr/local/texlive/2017/texmf-dist/tex/latex/base/size10.clo
File: size10.clo 2014/09/29 v1.4h Standard LaTeX file (size option)
)
\c@part=\count79
\c@section=\count80
\c@subsection=\count81
\c@subsubsection=\count82
\c@paragraph=\count83
\c@subparagraph=\count84
\c@figure=\count85
\c@table=\count86
\abovecaptionskip=\skip41
\belowcaptionskip=\skip42
\bibindent=\dimen102
)
(/usr/local/texlive/2017/texmf-dist/tex/latex/blindtext/blindtext.sty
Package: blindtext 2012/01/06 V2.0 blindtext-Package

(/usr/local/texlive/2017/texmf-dist/tex/latex/tools/xspace.sty
Package: xspace 2014/10/28 v1.13 Space after command names (DPC,MH)
)
\c@blindtext=\count87
\c@Blindtext=\count88
\c@blind@countparstart=\count89
\blind@countxx=\count90
\blindtext@numBlindtext=\count91
\blind@countyy=\count92
\c@blindlist=\count93
\c@blindlistlevel=\count94
\c@blindlist@level=\count95
\blind@listitem=\count96
\c@blind@listcount=\count97
\c@blind@levelcount=\count98
\blind@mathformula=\count99
\blind@Mathformula=\count100
\c@blind@randomcount=\count101
\c@blind@randommax=\count102
\c@blind@pangramcount=\count103
\c@blind@pangrammax=\count104
)
(/usr/local/texlive/2017/texmf-dist/tex/latex/psnfss/mathpazo.sty
Package: mathpazo 2005/04/12 PSNFSS-v9.2a Palatino w/ Pazo Math (D.Puga, WaS) 
\symupright=\mathgroup4
)
(/usr/local/texlive/2017/texmf-dist/tex/latex/base/fontenc.sty
Package: fontenc 2017/04/05 v2.0i Standard LaTeX package

(/usr/local/texlive/2017/texmf-dist/tex/latex/base/t1enc.def
File: t1enc.def 2017/04/05 v2.0i Standard LaTeX file
LaTeX Font Info:    Redeclaring font encoding T1 on input line 48.
))
(/usr/local/texlive/2017/texmf-dist/tex/latex/microtype/microtype.sty
Package: microtype 2016/05/14 v2.6a Micro-typographical refinements (RS)

(/usr/local/texlive/2017/texmf-dist/tex/latex/graphics/keyval.sty
Package: keyval 2014/10/28 v1.15 key=value parser (DPC)
\KV@toks@=\toks14
)
\MT@toks=\toks15
\MT@count=\count105
LaTeX Info: Redefining \textls on input line 774.
\MT@outer@kern=\dimen103
LaTeX Info: Redefining \textmicrotypecontext on input line 1310.
\MT@listname@count=\count106

(/usr/local/texlive/2017/texmf-dist/tex/latex/microtype/microtype-pdftex.def
File: microtype-pdftex.def 2016/05/14 v2.6a Definitions specific to pdftex (RS)

LaTeX Info: Redefining \lsstyle on input line 916.
LaTeX Info: Redefining \lslig on input line 916.
\MT@outer@space=\skip43
)
Package microtype Info: Loading configuration file microtype.cfg.

(/usr/local/texlive/2017/texmf-dist/tex/latex/microtype/microtype.cfg
File: microtype.cfg 2016/05/14 v2.6a microtype main configuration file (RS)
))
(/usr/local/texlive/2017/texmf-dist/tex/generic/babel/babel.sty
Package: babel 2017/05/19 3.10 The Babel package

(/usr/local/texlive/2017/texmf-dist/tex/generic/babel-english/english.ldf
Language: english 2017/01/24 v3.3q English support from the babel system

(/usr/local/texlive/2017/texmf-dist/tex/generic/babel/babel.def
File: babel.def 2017/05/19 3.10 Babel common definitions
\babel@savecnt=\count107
\U@D=\dimen104
)
\l@canadian = a dialect from \language\l@american 
\l@australian = a dialect from \language\l@british 
\l@newzealand = a dialect from \language\l@british 
))
(/usr/local/texlive/2017/texmf-dist/tex/latex/geometry/geometry.sty
Package: geometry 2010/09/12 v5.6 Page Geometry

(/usr/local/texlive/2017/texmf-dist/tex/generic/oberdiek/ifpdf.sty
Package: ifpdf 2017/03/15 v3.2 Provides the ifpdf switch
)
(/usr/local/texlive/2017/texmf-dist/tex/generic/oberdiek/ifvtex.sty
Package: ifvtex 2016/05/16 v1.6 Detect VTeX and its facilities (HO)
Package ifvtex Info: VTeX not detected.
)
(/usr/local/texlive/2017/texmf-dist/tex/generic/ifxetex/ifxetex.sty
Package: ifxetex 2010/09/12 v0.6 Provides ifxetex conditional
)
\Gm@cnth=\count108
\Gm@cntv=\count109
\c@Gm@tempcnt=\count110
\Gm@bindingoffset=\dimen105
\Gm@wd@mp=\dimen106
\Gm@odd@mp=\dimen107
\Gm@even@mp=\dimen108
\Gm@layoutwidth=\dimen109
\Gm@layoutheight=\dimen110
\Gm@layouthoffset=\dimen111
\Gm@layoutvoffset=\dimen112
\Gm@dimlist=\toks16
)
(/usr/local/texlive/2017/texmf-dist/tex/latex/caption/caption.sty
Package: caption 2016/02/21 v3.3-144 Customizing captions (AR)

(/usr/local/texlive/2017/texmf-dist/tex/latex/caption/caption3.sty
Package: caption3 2016/05/22 v1.7-166 caption3 kernel (AR)
Package caption3 Info: TeX engine: e-TeX on input line 67.
\captionmargin=\dimen113
\captionmargin@=\dimen114
\captionwidth=\dimen115
\caption@tempdima=\dimen116
\caption@indent=\dimen117
\caption@parindent=\dimen118
\caption@hangindent=\dimen119
)
\c@ContinuedFloat=\count111
)
(/usr/local/texlive/2017/texmf-dist/tex/latex/booktabs/booktabs.sty
Package: booktabs 2016/04/27 v1.618033 publication quality tables
\heavyrulewidth=\dimen120
\lightrulewidth=\dimen121
\cmidrulewidth=\dimen122
\belowrulesep=\dimen123
\belowbottomsep=\dimen124
\aboverulesep=\dimen125
\abovetopsep=\dimen126
\cmidrulesep=\dimen127
\cmidrulekern=\dimen128
\defaultaddspace=\dimen129
\@cmidla=\count112
\@cmidlb=\count113
\@aboverulesep=\dimen130
\@belowrulesep=\dimen131
\@thisruleclass=\count114
\@lastruleclass=\count115
\@thisrulewidth=\dimen132
)
(/usr/local/texlive/2017/texmf-dist/tex/latex/lettrine/lettrine.sty
File: lettrine.sty 2015/08/31 v1.9 (Daniel Flipo)
\c@DefaultLines=\count116
\c@DefaultDepth=\count117
\DefaultFindent=\dimen133
\DefaultNindent=\dimen134
\DefaultSlope=\dimen135
\DiscardVskip=\dimen136
\L@lbox=\box26
\L@tbox=\box27
\c@L@lines=\count118
\c@L@depth=\count119
\L@Pindent=\dimen137
\L@Findent=\dimen138
\L@Nindent=\dimen139
\L@lraise=\dimen140
\L@first=\dimen141
\L@next=\dimen142
\L@slope=\dimen143
\L@height=\dimen144
\L@novskip=\dimen145
\LettrineWidth=\dimen146
\LettrineHeight=\dimen147
\LettrineDepth=\dimen148

Loading lettrine.cfg
(/usr/local/texlive/2017/texmf-dist/tex/latex/lettrine/lettrine.cfg))
(/usr/local/texlive/2017/texmf-dist/tex/latex/enumitem/enumitem.sty
Package: enumitem 2011/09/28 v3.5.2 Customized lists
\labelindent=\skip44
\enit@outerparindent=\dimen149
\enit@toks=\toks17
\enit@inbox=\box28
\enitdp@description=\count120
)
(/usr/local/texlive/2017/texmf-dist/tex/latex/abstract/abstract.sty
Package: abstract 2009/06/08 v1.2a configurable abstracts
\abstitleskip=\skip45
\absleftindent=\skip46
\absrightindent=\skip47
\absparindent=\skip48
\absparsep=\skip49
)
(/usr/local/texlive/2017/texmf-dist/tex/latex/titlesec/titlesec.sty
Package: titlesec 2016/03/21 v2.10.2 Sectioning titles
\ttl@box=\box29
\beforetitleunit=\skip50
\aftertitleunit=\skip51
\ttl@plus=\dimen150
\ttl@minus=\dimen151
\ttl@toksa=\toks18
\titlewidth=\dimen152
\titlewidthlast=\dimen153
\titlewidthfirst=\dimen154
)
(/usr/local/texlive/2017/texmf-dist/tex/latex/titlesec/block.tss
File: block.tss 2016/03/15
)
(/usr/local/texlive/2017/texmf-dist/tex/latex/fancyhdr/fancyhdr.sty
Package: fancyhdr 2016/09/06 3.8 Extensive control of page headers and footers
\fancy@headwidth=\skip52
\f@ncyO@elh=\skip53
\f@ncyO@erh=\skip54
\f@ncyO@olh=\skip55
\f@ncyO@orh=\skip56
\f@ncyO@elf=\skip57
\f@ncyO@erf=\skip58
\f@ncyO@olf=\skip59
\f@ncyO@orf=\skip60
)
(/usr/local/texlive/2017/texmf-dist/tex/latex/titling/titling.sty
Package: titling 2009/09/04 v2.1d maketitle typesetting
\thanksmarkwidth=\skip61
\thanksmargin=\skip62
\droptitle=\skip63
)
(/usr/local/texlive/2017/texmf-dist/tex/latex/hyperref/hyperref.sty
Package: hyperref 2017/03/14 v6.85a Hypertext links for LaTeX

(/usr/local/texlive/2017/texmf-dist/tex/generic/oberdiek/hobsub-hyperref.sty
Package: hobsub-hyperref 2016/05/16 v1.14 Bundle oberdiek, subset hyperref (HO)


(/usr/local/texlive/2017/texmf-dist/tex/generic/oberdiek/hobsub-generic.sty
Package: hobsub-generic 2016/05/16 v1.14 Bundle oberdiek, subset generic (HO)
Package: hobsub 2016/05/16 v1.14 Construct package bundles (HO)
Package: infwarerr 2016/05/16 v1.4 Providing info/warning/error messages (HO)
Package: ltxcmds 2016/05/16 v1.23 LaTeX kernel commands for general use (HO)
Package: ifluatex 2016/05/16 v1.4 Provides the ifluatex switch (HO)
Package ifluatex Info: LuaTeX not detected.
Package hobsub Info: Skipping package `ifvtex' (already loaded).
Package: intcalc 2016/05/16 v1.2 Expandable calculations with integers (HO)
Package hobsub Info: Skipping package `ifpdf' (already loaded).
Package: etexcmds 2016/05/16 v1.6 Avoid name clashes with e-TeX commands (HO)
Package etexcmds Info: Could not find \expanded.
(etexcmds)             That can mean that you are not using pdfTeX 1.50 or
(etexcmds)             that some package has redefined \expanded.
(etexcmds)             In the latter case, load this package earlier.
Package: kvsetkeys 2016/05/16 v1.17 Key value parser (HO)
Package: kvdefinekeys 2016/05/16 v1.4 Define keys (HO)
Package: pdftexcmds 2017/03/19 v0.25 Utility functions of pdfTeX for LuaTeX (HO
)
Package pdftexcmds Info: LuaTeX not detected.
Package pdftexcmds Info: \pdf@primitive is available.
Package pdftexcmds Info: \pdf@ifprimitive is available.
Package pdftexcmds Info: \pdfdraftmode found.
Package: pdfescape 2016/05/16 v1.14 Implements pdfTeX's escape features (HO)
Package: bigintcalc 2016/05/16 v1.4 Expandable calculations on big integers (HO
)
Package: bitset 2016/05/16 v1.2 Handle bit-vector datatype (HO)
Package: uniquecounter 2016/05/16 v1.3 Provide unlimited unique counter (HO)
)
Package hobsub Info: Skipping package `hobsub' (already loaded).
Package: letltxmacro 2016/05/16 v1.5 Let assignment for LaTeX macros (HO)
Package: hopatch 2016/05/16 v1.3 Wrapper for package hooks (HO)
Package: xcolor-patch 2016/05/16 xcolor patch
Package: atveryend 2016/05/16 v1.9 Hooks at the very end of document (HO)
Package atveryend Info: \enddocument detected (standard20110627).
Package: atbegshi 2016/06/09 v1.18 At begin shipout hook (HO)
Package: refcount 2016/05/16 v3.5 Data extraction from label references (HO)
Package: hycolor 2016/05/16 v1.8 Color options for hyperref/bookmark (HO)
)
(/usr/local/texlive/2017/texmf-dist/tex/latex/oberdiek/auxhook.sty
Package: auxhook 2016/05/16 v1.4 Hooks for auxiliary files (HO)
)
(/usr/local/texlive/2017/texmf-dist/tex/latex/oberdiek/kvoptions.sty
Package: kvoptions 2016/05/16 v3.12 Key value format for package options (HO)
)
\@linkdim=\dimen155
\Hy@linkcounter=\count121
\Hy@pagecounter=\count122

(/usr/local/texlive/2017/texmf-dist/tex/latex/hyperref/pd1enc.def
File: pd1enc.def 2017/03/14 v6.85a Hyperref: PDFDocEncoding definition (HO)
)
\Hy@SavedSpaceFactor=\count123

(/usr/local/texlive/2017/texmf-dist/tex/latex/latexconfig/hyperref.cfg
File: hyperref.cfg 2002/06/06 v1.2 hyperref configuration of TeXLive
)
Package hyperref Info: Hyper figures OFF on input line 4498.
Package hyperref Info: Link nesting OFF on input line 4503.
Package hyperref Info: Hyper index ON on input line 4506.
Package hyperref Info: Plain pages OFF on input line 4513.
Package hyperref Info: Backreferencing OFF on input line 4518.
Package hyperref Info: Implicit mode ON; LaTeX internals redefined.
Package hyperref Info: Bookmarks ON on input line 4751.
\c@Hy@tempcnt=\count124

(/usr/local/texlive/2017/texmf-dist/tex/latex/url/url.sty
\Urlmuskip=\muskip10
Package: url 2013/09/16  ver 3.4  Verb mode for urls, etc.
)
LaTeX Info: Redefining \url on input line 5104.
\XeTeXLinkMargin=\dimen156
\Fld@menulength=\count125
\Field@Width=\dimen157
\Fld@charsize=\dimen158
Package hyperref Info: Hyper figures OFF on input line 6358.
Package hyperref Info: Link nesting OFF on input line 6363.
Package hyperref Info: Hyper index ON on input line 6366.
Package hyperref Info: backreferencing OFF on input line 6373.
Package hyperref Info: Link coloring OFF on input line 6378.
Package hyperref Info: Link coloring with OCG OFF on input line 6383.
Package hyperref Info: PDF/A mode OFF on input line 6388.
LaTeX Info: Redefining \ref on input line 6428.
LaTeX Info: Redefining \pageref on input line 6432.
\Hy@abspage=\count126
\c@Item=\count127
\c@Hfootnote=\count128
)

Package hyperref Message: Driver (autodetected): hpdftex.

(/usr/local/texlive/2017/texmf-dist/tex/latex/hyperref/hpdftex.def
File: hpdftex.def 2017/03/14 v6.85a Hyperref driver for pdfTeX
\Fld@listcount=\count129
\c@bookmark@seq@number=\count130

(/usr/local/texlive/2017/texmf-dist/tex/latex/oberdiek/rerunfilecheck.sty
Package: rerunfilecheck 2016/05/16 v1.8 Rerun checks for auxiliary files (HO)
Package uniquecounter Info: New unique counter `rerunfilecheck' on input line 2
82.
)
\Hy@SectionHShift=\skip64
)
(/usr/local/texlive/2017/texmf-dist/tex/latex/float/float.sty
Package: float 2001/11/08 v1.3d Float enhancements (AL)
\c@float@type=\count131
\float@exts=\toks19
\float@box=\box30
\@float@everytoks=\toks20
\@floatcapt=\box31
)
(/usr/local/texlive/2017/texmf-dist/tex/latex/graphics/graphicx.sty
Package: graphicx 2014/10/28 v1.0g Enhanced LaTeX Graphics (DPC,SPQR)

(/usr/local/texlive/2017/texmf-dist/tex/latex/graphics/graphics.sty
Package: graphics 2017/04/14 v1.1b Standard LaTeX Graphics (DPC,SPQR)

(/usr/local/texlive/2017/texmf-dist/tex/latex/graphics/trig.sty
Package: trig 2016/01/03 v1.10 sin cos tan (DPC)
)
(/usr/local/texlive/2017/texmf-dist/tex/latex/graphics-cfg/graphics.cfg
File: graphics.cfg 2016/06/04 v1.11 sample graphics configuration
)
Package graphics Info: Driver file: pdftex.def on input line 99.

(/usr/local/texlive/2017/texmf-dist/tex/latex/graphics-def/pdftex.def
File: pdftex.def 2017/01/12 v0.06k Graphics/color for pdfTeX
\Gread@gobject=\count132
))
\Gin@req@height=\dimen159
\Gin@req@width=\dimen160
)
(/usr/local/texlive/2017/texmf-dist/tex/latex/listings/listings.sty
\lst@mode=\count133
\lst@gtempboxa=\box32
\lst@token=\toks21
\lst@length=\count134
\lst@currlwidth=\dimen161
\lst@column=\count135
\lst@pos=\count136
\lst@lostspace=\dimen162
\lst@width=\dimen163
\lst@newlines=\count137
\lst@lineno=\count138
\lst@maxwidth=\dimen164

(/usr/local/texlive/2017/texmf-dist/tex/latex/listings/lstmisc.sty
File: lstmisc.sty 2015/06/04 1.6 (Carsten Heinz)
\c@lstnumber=\count139
\lst@skipnumbers=\count140
\lst@framebox=\box33
)
(/usr/local/texlive/2017/texmf-dist/tex/latex/listings/listings.cfg
File: listings.cfg 2015/06/04 1.6 listings configuration
))
Package: listings 2015/06/04 1.6 (Carsten Heinz)

(/usr/local/texlive/2017/texmf-dist/tex/latex/graphics/color.sty
Package: color 2016/07/10 v1.1e Standard LaTeX Color (DPC)

(/usr/local/texlive/2017/texmf-dist/tex/latex/graphics-cfg/color.cfg
File: color.cfg 2016/01/02 v1.6 sample color configuration
)
Package color Info: Driver file: pdftex.def on input line 147.
)
(/usr/local/texlive/2017/texmf-dist/tex/latex/listings/lstlang1.sty
File: lstlang1.sty 2015/06/04 1.6 listings language file
)
(./report.aux)
\openout1 = `report.aux'.

LaTeX Font Info:    Checking defaults for OML/cmm/m/it on input line 119.
LaTeX Font Info:    ... okay on input line 119.
LaTeX Font Info:    Checking defaults for T1/cmr/m/n on input line 119.
LaTeX Font Info:    ... okay on input line 119.
LaTeX Font Info:    Checking defaults for OT1/cmr/m/n on input line 119.
LaTeX Font Info:    ... okay on input line 119.
LaTeX Font Info:    Checking defaults for OMS/cmsy/m/n on input line 119.
LaTeX Font Info:    ... okay on input line 119.
LaTeX Font Info:    Checking defaults for OMX/cmex/m/n on input line 119.
LaTeX Font Info:    ... okay on input line 119.
LaTeX Font Info:    Checking defaults for U/cmr/m/n on input line 119.
LaTeX Font Info:    ... okay on input line 119.
LaTeX Font Info:    Checking defaults for PD1/pdf/m/n on input line 119.
LaTeX Font Info:    ... okay on input line 119.
LaTeX Font Info:    Try loading font information for T1+pplx on input line 119.

 (/usr/local/texlive/2017/texmf-dist/tex/latex/psnfss/t1pplx.fd
File: t1pplx.fd 2004/09/06 font definitions for T1/pplx.
)
\big@size=\dimen165
LaTeX Info: Redefining \microtypecontext on input line 119.
Package microtype Info: Generating PDF output.
Package microtype Info: Character protrusion enabled (level 2).
Package microtype Info: Using default protrusion set `alltext'.
Package microtype Info: Automatic font expansion enabled (level 2),
(microtype)             stretch: 20, shrink: 20, step: 1, non-selected.
Package microtype Info: Using default expansion set `basictext'.
Package microtype Info: No adjustment of tracking.
Package microtype Info: No adjustment of interword spacing.
Package microtype Info: No adjustment of character kerning.

(/usr/local/texlive/2017/texmf-dist/tex/latex/microtype/mt-ppl.cfg
File: mt-ppl.cfg 2005/11/16 v1.6 microtype config. file: Palatino (RS)
)
*geometry* driver: auto-detecting
*geometry* detected driver: pdftex
*geometry* verbose mode - [ preamble ] result:
* driver: pdftex
* paper: <default>
* layout: <same size as paper>
* layoutoffset:(h,v)=(0.0pt,0.0pt)
* hratio: 1:1
* modes: twoside 
* h-part:(L,W,R)=(92.14519pt, 430.00462pt, 92.14519pt)
* v-part:(T,H,B)=(91.04881pt, 608.5238pt, 95.39737pt)
* \paperwidth=614.295pt
* \paperheight=794.96999pt
* \textwidth=430.00462pt
* \textheight=608.5238pt
* \oddsidemargin=19.8752pt
* \evensidemargin=19.8752pt
* \topmargin=-18.22118pt
* \headheight=12.0pt
* \headsep=25.0pt
* \topskip=10.0pt
* \footskip=30.0pt
* \marginparwidth=48.0pt
* \marginparsep=10.0pt
* \columnsep=20.0pt
* \skip\footins=9.0pt plus 4.0pt minus 2.0pt
* \hoffset=0.0pt
* \voffset=0.0pt
* \mag=1000
* \@twocolumntrue
* \@twosidetrue
* \@mparswitchtrue
* \@reversemarginfalse
* (1in=72.27pt=25.4mm, 1cm=28.453pt)

Package caption Info: Begin \AtBeginDocument code.
Package caption Info: float package is loaded.
Package caption Info: hyperref package is loaded.
Package caption Info: listings package is loaded.
Package caption Info: End \AtBeginDocument code.
\AtBeginShipoutBox=\box34
Package hyperref Info: Link coloring OFF on input line 119.
(/usr/local/texlive/2017/texmf-dist/tex/latex/hyperref/nameref.sty
Package: nameref 2016/05/21 v2.44 Cross-referencing by name of section

(/usr/local/texlive/2017/texmf-dist/tex/generic/oberdiek/gettitlestring.sty
Package: gettitlestring 2016/05/16 v1.5 Cleanup title references (HO)
)
\c@section@level=\count141
)
LaTeX Info: Redefining \ref on input line 119.
LaTeX Info: Redefining \pageref on input line 119.
LaTeX Info: Redefining \nameref on input line 119.
\@outlinefile=\write3
\openout3 = `report.out'.


(/usr/local/texlive/2017/texmf-dist/tex/context/base/mkii/supp-pdf.mkii
[Loading MPS to PDF converter (version 2006.09.02).]
\scratchcounter=\count142
\scratchdimen=\dimen166
\scratchbox=\box35
\nofMPsegments=\count143
\nofMParguments=\count144
\everyMPshowfont=\toks22
\MPscratchCnt=\count145
\MPscratchDim=\dimen167
\MPnumerator=\count146
\makeMPintoPDFobject=\count147
\everyMPtoPDFconversion=\toks23
) (/usr/local/texlive/2017/texmf-dist/tex/latex/oberdiek/epstopdf-base.sty
Package: epstopdf-base 2016/05/15 v2.6 Base part for package epstopdf

(/usr/local/texlive/2017/texmf-dist/tex/latex/oberdiek/grfext.sty
Package: grfext 2016/05/16 v1.2 Manage graphics extensions (HO)
)
Package epstopdf-base Info: Redefining graphics rule for `.eps' on input line 4
38.
Package grfext Info: Graphics extension search list:
(grfext)             [.png,.pdf,.jpg,.mps,.jpeg,.jbig2,.jb2,.PNG,.PDF,.JPG,.JPE
G,.JBIG2,.JB2,.eps]
(grfext)             \AppendGraphicsExtensions on input line 456.

(/usr/local/texlive/2017/texmf-dist/tex/latex/latexconfig/epstopdf-sys.cfg
File: epstopdf-sys.cfg 2010/07/13 v1.3 Configuration of (r)epstopdf for TeX Liv
e
))
\c@lstlisting=\count148
LaTeX Font Info:    Font shape `T1/pplx/bx/n' in size <24.88> not available
(Font)              Font shape `T1/pplx/b/n' tried instead on input line 123.
LaTeX Font Info:    Try loading font information for OT1+pplx on input line 123
.

(/usr/local/texlive/2017/texmf-dist/tex/latex/psnfss/ot1pplx.fd
File: ot1pplx.fd 2004/09/06 font definitions for OT1/pplx.
)
LaTeX Font Info:    Try loading font information for OML+zplm on input line 123
.

(/usr/local/texlive/2017/texmf-dist/tex/latex/psnfss/omlzplm.fd
File: omlzplm.fd 2002/09/08 Fontinst v1.914 font definitions for OML/zplm.
)
LaTeX Font Info:    Try loading font information for OMS+zplm on input line 123
.

(/usr/local/texlive/2017/texmf-dist/tex/latex/psnfss/omszplm.fd
File: omszplm.fd 2002/09/08 Fontinst v1.914 font definitions for OMS/zplm.
)
LaTeX Font Info:    Try loading font information for OMX+zplm on input line 123
.

(/usr/local/texlive/2017/texmf-dist/tex/latex/psnfss/omxzplm.fd
File: omxzplm.fd 2002/09/08 Fontinst v1.914 font definitions for OMX/zplm.
)
LaTeX Font Info:    Try loading font information for OT1+zplm on input line 123
.

(/usr/local/texlive/2017/texmf-dist/tex/latex/psnfss/ot1zplm.fd
File: ot1zplm.fd 2002/09/08 Fontinst v1.914 font definitions for OT1/zplm.
)
Package microtype Info: Loading generic settings for font family
(microtype)             `zplm' (encoding: OT1).
(microtype)             For optimal results, create family-specific settings.
(microtype)             See the microtype manual for details.
Package microtype Info: Character `029' is missing
(microtype)             in font `T1/pplx/m/sc/12'.
(microtype)             Ignoring protrusion settings for this character.
LaTeX Font Info:    Font shape `T1/pplx/bx/n' in size <10> not available
(Font)              Font shape `T1/pplx/b/n' tried instead on input line 123.
Package microtype Info: Character `029' is missing
(microtype)             in font `T1/pplx/m/sc/10'.
(microtype)             Ignoring protrusion settings for this character.
LaTeX Font Info:    Try loading font information for OMS+pplx on input line 148
.
LaTeX Font Info:    No file OMSpplx.fd. on input line 148.


LaTeX Font Warning: Font shape `OMS/pplx/m/n' undefined
(Font)              using `OMS/cmsy/m/n' instead
(Font)              for symbol `textbullet' on input line 148.


Underfull \hbox (badness 2119) in paragraph at lines 151--152
[]\T1/pplx/m/n/10 (+20) scikit learn (for the Ran-dom For-est)
 []

[1{/usr/local/texlive/2017/texmf-var/fonts/map/pdftex/updmap/pdftex.map}


]

LaTeX Warning: Citation `LeeDernoncourt' on page 2 undefined on input line 188.



LaTeX Warning: Citation `XuGuoYeCheng' on page 2 undefined on input line 210.

/Users/adriencogny/GIT/datalogue_challenge/report/report.tex:216: Undefined con
trol sequence.
l.216 \subsubsetion
                   {Tuning Parameters}
The control sequence at the end of the top line
of your error message was never \def'ed. If you have
misspelled it (e.g., `\hobx'), type `I' and the correct
spelling (e.g., `I\hbox'). Otherwise just continue,
and I'll forget about whatever was undefined.

/Users/adriencogny/GIT/datalogue_challenge/report/report.tex:244: You can't use
 `macro parameter character #' in horizontal mode.
l.244 ...he training loss, dev set true positive #
                                                  , dev set true negative #,
Sorry, but I'm not programmed to handle this case;
I'll just pretend that you didn't ask for it.
If you're in the wrong mode, you might be able to
return to the right one by typing `I}' or `I$' or `I\par'.

/Users/adriencogny/GIT/datalogue_challenge/report/report.tex:244: You can't use
 `macro parameter character #' in horizontal mode.
l.244 ... true positive #, dev set true negative #
                                                  ,
Sorry, but I'm not programmed to handle this case;
I'll just pretend that you didn't ask for it.
If you're in the wrong mode, you might be able to
return to the right one by typing `I}' or `I$' or `I\par'.

/Users/adriencogny/GIT/datalogue_challenge/report/report.tex:245: You can't use
 `macro parameter character #' in horizontal mode.
l.245 dev set false positive #
                               and dev set false negative # were computed fo...
Sorry, but I'm not programmed to handle this case;
I'll just pretend that you didn't ask for it.
If you're in the wrong mode, you might be able to
return to the right one by typing `I}' or `I$' or `I\par'.

/Users/adriencogny/GIT/datalogue_challenge/report/report.tex:245: You can't use
 `macro parameter character #' in horizontal mode.
l.245 ...e positive # and dev set false negative #
                                                   were computed for each of...
Sorry, but I'm not programmed to handle this case;
I'll just pretend that you didn't ask for it.
If you're in the wrong mode, you might be able to
return to the right one by typing `I}' or `I$' or `I\par'.

<images/hidden_dimm_test_table.png, id=19, 844.15375pt x 244.915pt>
File: images/hidden_dimm_test_table.png Graphic file (type png)

<use images/hidden_dimm_test_table.png>
Package pdftex.def Info: images/hidden_dimm_test_table.png used on input line 2
49.
(pdftex.def)             Requested size: 170.71652pt x 49.52774pt.
LaTeX Font Info:    Font shape `T1/pplx/bx/n' in size <9> not available
(Font)              Font shape `T1/pplx/b/n' tried instead on input line 251.

<images/hidden_dimm_test_graph.png, id=21, 315.1775pt x 226.8475pt>
File: images/hidden_dimm_test_graph.png Graphic file (type png)

<use images/hidden_dimm_test_graph.png>
Package pdftex.def Info: images/hidden_dimm_test_graph.png used on input line 2
55.
(pdftex.def)             Requested size: 170.71652pt x 122.87311pt.
 [2 <./images/hidden_dimm_test_table.png>] <images/hidden_dimm_test_tpr-graph.p
ng, id=38, 324.21124pt x 229.85875pt>
File: images/hidden_dimm_test_tpr-graph.png Graphic file (type png)

<use images/hidden_dimm_test_tpr-graph.png>
Package pdftex.def Info: images/hidden_dimm_test_tpr-graph.png used on input li
ne 275.
(pdftex.def)             Requested size: 170.71652pt x 121.03539pt.

<images/rnn_embeddSize_test_table.png, id=39, 850.17625pt x 116.435pt>
File: images/rnn_embeddSize_test_table.png Graphic file (type png)

<use images/rnn_embeddSize_test_table.png>
Package pdftex.def Info: images/rnn_embeddSize_test_table.png used on input lin
e 299.
(pdftex.def)             Requested size: 170.71652pt x 23.37897pt.

<images/rnn_embeddSize_test_graph.png, id=40, 313.17pt x 226.8475pt>
File: images/rnn_embeddSize_test_graph.png Graphic file (type png)

<use images/rnn_embeddSize_test_graph.png>
Package pdftex.def Info: images/rnn_embeddSize_test_graph.png used on input lin
e 305.
(pdftex.def)             Requested size: 170.71652pt x 123.66231pt.
 [3 <./images/hidden_dimm_test_graph.png> <./images/hidden_dimm_test_tpr-graph.
png> <./images/rnn_embeddSize_test_table.png> <./images/rnn_embeddSize_test_gra
ph.png>]
<images/rnn_embeddSize_test_tpr-graph.png, id=55, 331.2375pt x 228.855pt>
File: images/rnn_embeddSize_test_tpr-graph.png Graphic file (type png)

<use images/rnn_embeddSize_test_tpr-graph.png>
Package pdftex.def Info: images/rnn_embeddSize_test_tpr-graph.png used on input
 line 321.
(pdftex.def)             Requested size: 170.71652pt x 117.94719pt.

<images/rnn_embeddSize_test_graph1.png, id=56, 315.1775pt x 225.84375pt>
File: images/rnn_embeddSize_test_graph1.png Graphic file (type png)

<use images/rnn_embeddSize_test_graph1.png>
Package pdftex.def Info: images/rnn_embeddSize_test_graph1.png used on input li
ne 333.
(pdftex.def)             Requested size: 170.71652pt x 122.32942pt.

<images/rnn_embeddSize_test_tpr-graph1.png, id=57, 325.215pt x 228.855pt>
File: images/rnn_embeddSize_test_tpr-graph1.png Graphic file (type png)

<use images/rnn_embeddSize_test_tpr-graph1.png>
Package pdftex.def Info: images/rnn_embeddSize_test_tpr-graph1.png used on inpu
t line 339.
(pdftex.def)             Requested size: 170.71652pt x 120.13669pt.

<images/rnn_numberLayers_test1.png, id=58, 315.1775pt x 226.8475pt>
File: images/rnn_numberLayers_test1.png Graphic file (type png)

<use images/rnn_numberLayers_test1.png>
Package pdftex.def Info: images/rnn_numberLayers_test1.png used on input line 3
57.
(pdftex.def)             Requested size: 170.71652pt x 122.87311pt.

<images/rnn_numberLayers_test1-tpr.png, id=59, 318.18875pt x 227.85126pt>
File: images/rnn_numberLayers_test1-tpr.png Graphic file (type png)

<use images/rnn_numberLayers_test1-tpr.png>
Package pdftex.def Info: images/rnn_numberLayers_test1-tpr.png used on input li
ne 363.
(pdftex.def)             Requested size: 170.71652pt x 122.24515pt.

Underfull \vbox (badness 10000) has occurred while \output is active []

 [4 <./images/rnn_embeddSize_test_tpr-graph.png> <./images/rnn_embeddSize_test_
graph1.png> <./images/rnn_embeddSize_test_tpr-graph1.png> <./images/rnn_numberL
ayers_test1.png>] <images/rnn_numberLayers_test2.png, id=74, 310.15875pt x 226.
8475pt>
File: images/rnn_numberLayers_test2.png Graphic file (type png)

<use images/rnn_numberLayers_test2.png>
Package pdftex.def Info: images/rnn_numberLayers_test2.png used on input line 3
71.
(pdftex.def)             Requested size: 170.71652pt x 124.85995pt.

<images/rnn_numberLayers_test2-tpr.png, id=75, 325.215pt x 227.85126pt>
File: images/rnn_numberLayers_test2-tpr.png Graphic file (type png)

<use images/rnn_numberLayers_test2-tpr.png>
Package pdftex.def Info: images/rnn_numberLayers_test2-tpr.png used on input li
ne 377.
(pdftex.def)             Requested size: 170.71652pt x 119.60979pt.

Underfull \hbox (badness 10000) in paragraph at lines 395--396
[]\T1/pplx/m/n/10 (+20) Embedding File = 'glove/-
 []


LaTeX Warning: Citation `XuGuoYeCheng' on page 5 undefined on input line 417.


<images/randForest_estimators_summed_table.png, id=76, 699.61375pt x 472.76625p
t>
File: images/randForest_estimators_summed_table.png Graphic file (type png)
 <use images/randForest_estimators_summed_table.png>
Package pdftex.def Info: images/randForest_estimators_summed_table.png used on 
input line 422.
(pdftex.def)             Requested size: 170.71652pt x 115.35623pt.

Underfull \vbox (badness 3536) has occurred while \output is active []

 [5 <./images/rnn_numberLayers_test1-tpr.png> <./images/rnn_numberLayers_test2.
png> <./images/rnn_numberLayers_test2-tpr.png>]
<images/randForest_estimators_summed_graph.png, id=89, 309.155pt x 227.85126pt>
File: images/randForest_estimators_summed_graph.png Graphic file (type png)
<use images/randForest_estimators_summed_graph.png>
Package pdftex.def Info: images/randForest_estimators_summed_graph.png used on 
input line 429.
(pdftex.def)             Requested size: 170.71652pt x 125.8227pt.

<images/randForest_estimators_summed_graph-tpr.png, id=90, 329.23pt x 228.855pt
>
File: images/randForest_estimators_summed_graph-tpr.png Graphic file (type png)

 <use images/randForest_estimators_summed_graph-tpr.png>
Package pdftex.def Info: images/randForest_estimators_summed_graph-tpr.png used
 on input line 436.
(pdftex.def)             Requested size: 170.71652pt x 118.67004pt.

<images/randForest_estimators_meaned_table.png, id=91, 780.9175pt x 470.75874pt
>
File: images/randForest_estimators_meaned_table.png Graphic file (type png)
 <use images/randForest_estimators_meaned_table.png>
Package pdftex.def Info: images/randForest_estimators_meaned_table.png used on 
input line 446.
(pdftex.def)             Requested size: 170.71652pt x 102.91357pt.

<images/randForest_estimators_meaned_graph.png, id=92, 313.17pt x 227.85126pt>
File: images/randForest_estimators_meaned_graph.png Graphic file (type png)

<use images/randForest_estimators_meaned_graph.png>
Package pdftex.def Info: images/randForest_estimators_meaned_graph.png used on 
input line 453.
(pdftex.def)             Requested size: 170.71652pt x 124.20949pt.

<images/randForest_estimators_meaned_graph-tpr.png, id=93, 330.23375pt x 227.85
126pt>
File: images/randForest_estimators_meaned_graph-tpr.png Graphic file (type png)

 <use images/randForest_estimators_meaned_graph-tpr.png>
Package pdftex.def Info: images/randForest_estimators_meaned_graph-tpr.png used
 on input line 460.
(pdftex.def)             Requested size: 170.71652pt x 117.79146pt.
 [6 <./images/randForest_estimators_summed_table.png> <./images/randForest_esti
mators_summed_graph.png> <./images/randForest_estimators_summed_graph-tpr.png> 
<./images/randForest_estimators_meaned_table.png> <./images/randForest_estimato
rs_meaned_graph.png> <./images/randForest_estimators_meaned_graph-tpr.png>]
Underfull \hbox (badness 10000) in paragraph at lines 481--482
[]\T1/pplx/m/n/10 (+20) Embedding File = 'glove/-
 []

/Users/adriencogny/GIT/datalogue_challenge/report/report.tex:500: Misplaced ali
gnment tab character &.
<argument> Using the Model &
                             Explanation of Code
l.500 ...on{Using the Model & Explanation of Code}
                                                  
I can't figure out why you would want to use a tab mark
here. If you just want an ampersand, the remedy is
simple: Just type `I\&' now. But if some right brace
up above has ended a previous alignment prematurely,
you're probably due for more error messages, and you
might try typing `S' now just to see what is salvageable.


Package hyperref Warning: Token not allowed in a PDF string (PDFDocEncoding):
(hyperref)                removing `alignment tab' on input line 500.


Underfull \vbox (badness 3792) has occurred while \output is active []

LaTeX Font Info:    Try loading font information for T1+cmtt on input line 512.


(/usr/local/texlive/2017/texmf-dist/tex/latex/base/t1cmtt.fd
File: t1cmtt.fd 2014/09/29 v2.5h Standard LaTeX font definitions
)
Package microtype Info: Loading generic settings for font family
(microtype)             `cmtt' (encoding: T1).
(microtype)             For optimal results, create family-specific settings.
(microtype)             See the microtype manual for details.
 [7]
Overfull \hbox (7.73064pt too wide) in paragraph at lines 570--571
[][][][][][][][][][][][][][][][]  
 []

[8]
Underfull \hbox (badness 4819) in paragraph at lines 635--637
[]\T1/pplx/m/n/10 (+20) The func-tion call takes and op-tional
 []


Overfull \hbox (5.61156pt too wide) in paragraph at lines 645--647
\T1/cmtt/m/n/10 https://arxiv.org/pdf/1603.03827.pdf 
 []


Overfull \hbox (226.05772pt too wide) in paragraph at lines 649--651
\T1/cmtt/m/n/10 https://pdfs.semanticscholar.org/9b2f/84d85e5b6979bf375a2d4b15f
7526597fc70.pdf 
 []

/Users/adriencogny/GIT/datalogue_challenge/report/report.tex:654: Missing $ ins
erted.
<inserted text> 
                $
l.654 .../en/latest/tutorials_notebooks/RNNs.html}
                                                  
I've inserted a begin-math/end-math symbol since I think
you left one out. Proceed, with fingers crossed.

/Users/adriencogny/GIT/datalogue_challenge/report/report.tex:654: Extra }, or f
orgotten $.
<recently read> \egroup 
                        
l.654 .../en/latest/tutorials_notebooks/RNNs.html}
                                                  
I've deleted a group-closing symbol because it seems to be
spurious, as in `$x}$'. But perhaps the } is legitimate and
you forgot something else, as in `\hbox{$x}'. In such cases
the way to recover is to insert both the forgotten and the
deleted material, e.g., by typing `I$}'.

/Users/adriencogny/GIT/datalogue_challenge/report/report.tex:655: Missing $ ins
erted.
<inserted text> 
                $
l.655 
      
I've inserted a begin-math/end-math symbol since I think
you left one out. Proceed, with fingers crossed.

/Users/adriencogny/GIT/datalogue_challenge/report/report.tex:655: Missing } ins
erted.
<inserted text> 
                }
l.655 
      
I've inserted something that you may have forgotten.
(See the <inserted text> above.)
With luck, this will get me unwedged. But if you
really didn't forget anything, try typing `2' now; then
my insertion and my current dilemma will both disappear.


Overfull \hbox (161.75233pt too wide) in paragraph at lines 653--655
\T1/cmtt/m/n/10 http://dynet.readthedocs.io/en/latest/tutorials$[]\OML/zplm/m/i
t/10 otebooks\OT1/zplm/m/n/10 /\OML/zplm/m/it/10 RNNs\OT1/pplx/m/n/10 (-20) .\O
ML/zplm/m/it/10 html[]$ 
 []


Overfull \hbox (47.6013pt too wide) in paragraph at lines 657--659
\T1/cmtt/m/n/10 https://talbaumel.github.io/blog/rnn%20batch 
 []


Overfull \hbox (84.34233pt too wide) in paragraph at lines 661--663
\T1/cmtt/m/n/10 https://www.ijcai.org/Proceedings/16/Papers/408.pdf 
 []

Package atveryend Info: Empty hook `BeforeClearDocument' on input line 668.
[9

]
Package atveryend Info: Empty hook `AfterLastShipout' on input line 668.
 (./report.aux)
Package atveryend Info: Executing hook `AtVeryEndDocument' on input line 668.
Package atveryend Info: Executing hook `AtEndAfterFileList' on input line 668.


Package rerunfilecheck Warning: File `report.out' has changed.
(rerunfilecheck)                Rerun to get outlines right
(rerunfilecheck)                or use package `bookmark'.

Package rerunfilecheck Info: Checksums for `report.out':
(rerunfilecheck)             Before: <no file>
(rerunfilecheck)             After:  BECCA4C065FC9CE1C9101FBAB29F7847;2241.

LaTeX Font Warning: Some font shapes were not available, defaults substituted.


LaTeX Warning: There were undefined references.


LaTeX Warning: Label(s) may have changed. Rerun to get cross-references right.

Package atveryend Info: Empty hook `AtVeryVeryEnd' on input line 668.
 ) 
Here is how much of TeX's memory you used:
 11850 strings out of 492995
 184387 string characters out of 6132704
 348052 words of memory out of 5000000
 14834 multiletter control sequences out of 15000+600000
 76045 words of font info for 291 fonts, out of 8000000 for 9000
 1141 hyphenation exceptions out of 8191
 36i,14n,43p,341b,1004s stack positions out of 5000i,500n,10000p,200000b,80000s
{/usr/local/texlive/2017/texmf-dist/fonts/enc/dvips/cm-super/cm-super-t1.enc}
{/usr/local/texlive/2017/texmf-dist/fonts/enc/dvips/base/8r.enc}</usr/local/tex
live/2017/texmf-dist/fonts/type1/public/amsfonts/cm/cmsy10.pfb></usr/local/texl
ive/2017/texmf-dist/fonts/type1/public/fpl/fplrc8a.pfb></usr/local/texlive/2017
/texmf-dist/fonts/type1/public/cm-super/sftt0900.pfb></usr/local/texlive/2017/t
exmf-dist/fonts/type1/public/cm-super/sftt1000.pfb></usr/local/texlive/2017/tex
mf-dist/fonts/type1/urw/palatino/uplb8a.pfb></usr/local/texlive/2017/texmf-dist
/fonts/type1/urw/palatino/uplr8a.pfb></usr/local/texlive/2017/texmf-dist/fonts/
type1/urw/palatino/uplri8a.pfb>
Output written on report.pdf (9 pages, 1272372 bytes).
PDF statistics:
 225 PDF objects out of 1000 (max. 8388607)
 169 compressed objects within 2 object streams
 97 named destinations out of 1000 (max. 500000)
 56411 words of extra memory for PDF output out of 61914 (max. 10000000)

